<?xml version="1.0" encoding="UTF-8"?>
<!-- Generated by org.testng.reporters.JUnitReportReporter -->
<testsuite hostname="DESKTOP-6E9LTSN" failures="0" tests="1" name="testcases.TC_001_Login_Test" time="0.277" errors="0" timestamp="2024-07-30T17:59:42 IST" skipped="0">
  <testcase classname="testcases.TC_001_Login_Test" name="login" time="0.277"/>
</testsuite> <!-- testcases.TC_001_Login_Test -->
